SERVER_HANDSHAKE_TRAFFIC_SECRET 0635b459dec60f59d1922f83fd0344ca12569ff0f79ff53a7dc305cbc82f3525 a14463eb8b18b8b66d321b252f7dc26e57dc83b96a74e089e4e583819db67a985905f1b70f82802fe2f5cc31bcb48518
EXPORTER_SECRET 0635b459dec60f59d1922f83fd0344ca12569ff0f79ff53a7dc305cbc82f3525 00c9ebf411dcd63d6e12f5dca9ee38073978becde2a09a85f52ce77bedf1337656482e3b8929435c64996ffe649a4d0c
SERVER_TRAFFIC_SECRET_0 0635b459dec60f59d1922f83fd0344ca12569ff0f79ff53a7dc305cbc82f3525 f973be376cde6b46e18f56bd2889a6cc7c4e50e7c45341c05ef9d191d8e75144ceb7b0e437a5bf281cf94faacef781a6
CLIENT_HANDSHAKE_TRAFFIC_SECRET 0635b459dec60f59d1922f83fd0344ca12569ff0f79ff53a7dc305cbc82f3525 357d9338fae51202f72e1668698991a3644b396b274b320aa2107ccc26dc9bdadce523292e351e3b83788adebff63b31
CLIENT_TRAFFIC_SECRET_0 0635b459dec60f59d1922f83fd0344ca12569ff0f79ff53a7dc305cbc82f3525 d4b2bf2f09bbb74cf7b27089891c24968d50fe3e5637bd4161113d724364609cb33b2bdb45e8f4f5e63947508292a78f
SERVER_HANDSHAKE_TRAFFIC_SECRET 9611a56cec6168b419ec55ea293bb7264c7316885f826e6b77ec14f5a21efa7b 85e33d844923055e8c6eeccd1d5cddd1b1523bbfdc420ab155407c33b7ac6aa8cc4bfb416bfbe629e69aeba80ab90458
EXPORTER_SECRET 9611a56cec6168b419ec55ea293bb7264c7316885f826e6b77ec14f5a21efa7b a525cb9cdd6dd740d18374462a05a0c1ca88abaf5a84f25b43e7129c0f9c0421f06ebdec255e2110412f6fbb547471a2
SERVER_TRAFFIC_SECRET_0 9611a56cec6168b419ec55ea293bb7264c7316885f826e6b77ec14f5a21efa7b 7d9d9239992472b7e8165c1922fe2a2bd52469396003f578196c6674ced4cc8e53bc486c49cc303ce95ff47825732900
CLIENT_HANDSHAKE_TRAFFIC_SECRET 9611a56cec6168b419ec55ea293bb7264c7316885f826e6b77ec14f5a21efa7b 68c2084d1c1a9db67786c9309eeadab328491ed07a2cbe01f91abeefc445331fc43a1d421a024e438192180e7c7b6e6f
CLIENT_TRAFFIC_SECRET_0 9611a56cec6168b419ec55ea293bb7264c7316885f826e6b77ec14f5a21efa7b e38cb6f3bc77b4fedc6bf19a5fdadb19e66289eafd55d40770c2a6eb9aee7516faf461e82a0865063ae382251f1eb52f
SERVER_HANDSHAKE_TRAFFIC_SECRET c1182a5f6fdddb8ab0ca3a835ebf3ec93f18008296aaf8eab04aee2d5086d0a0 55750ae5bdbe07f73ee832ed8d7fb3ecaaac65968dd9cd3945fdab98026c51dc892c164cf0ec0e2e8a6f8746bbd5e352
EXPORTER_SECRET c1182a5f6fdddb8ab0ca3a835ebf3ec93f18008296aaf8eab04aee2d5086d0a0 fc4c6e05bb8d5f2813f7bc1181c5197acd7fdff043c88e76814c5b0f98a3776458e948368b6922e189b1e25b6ed4bb5d
SERVER_TRAFFIC_SECRET_0 c1182a5f6fdddb8ab0ca3a835ebf3ec93f18008296aaf8eab04aee2d5086d0a0 322a1244ebe42a99136c9be0c0190767e1fa4b864ed5d261701d7589eb8b61776acfdbcffebede3a78114d1a92071bb9
CLIENT_HANDSHAKE_TRAFFIC_SECRET c1182a5f6fdddb8ab0ca3a835ebf3ec93f18008296aaf8eab04aee2d5086d0a0 7eb22056e09a58b0b794dabda1ef0d50e474b048dd6c2ba1e8a253f705c2ddc6db96124b97c2bb0d6687436fa990f602
CLIENT_TRAFFIC_SECRET_0 c1182a5f6fdddb8ab0ca3a835ebf3ec93f18008296aaf8eab04aee2d5086d0a0 a60bff4df3f586857f3cba0ad875bc28dedbd6c592b77b57f6f7e05a3194237738b5744439eeb4cc850468b54650b982
SERVER_HANDSHAKE_TRAFFIC_SECRET e7f5dd696c306bed15fae18a17368e41b6a96987b51654d9b531350c05331df2 96ac292a7f3b959bd3d98b96846e8bfc67e0f8ba72c17e00094646d479a9ac6788c2c1889f6dd64de608cf44855cd1b1
EXPORTER_SECRET e7f5dd696c306bed15fae18a17368e41b6a96987b51654d9b531350c05331df2 e32737786b9846b4b1cd5bb2f7caa5307d70d876c8edad3b486e3b904f85f8bd19c96ba8f910b95a3f5c41ef462e1359
SERVER_TRAFFIC_SECRET_0 e7f5dd696c306bed15fae18a17368e41b6a96987b51654d9b531350c05331df2 671df1a942527dd905e7a5befb475cae50c83175fbc431746114c822f2ba455014715ffbde1324b3d0306f2b0d7da4a0
CLIENT_HANDSHAKE_TRAFFIC_SECRET e7f5dd696c306bed15fae18a17368e41b6a96987b51654d9b531350c05331df2 2b037cf3dd3a7baf0dc3b0f97a06eede71c9fc304f9f018c92a31b8034e9e4490348964ee34782270199dfa46a96af67
CLIENT_TRAFFIC_SECRET_0 e7f5dd696c306bed15fae18a17368e41b6a96987b51654d9b531350c05331df2 f7f652d942eeb630bee4de81b01d5d1ed096ab65a36609261f4e511a28fd5313f718d79647931aa8683652da4ed3445d
SERVER_HANDSHAKE_TRAFFIC_SECRET a8b4c674c94076215e4d5cd9dd44ea2004d28ed784de03ef3a40ed0c1a505ae6 cde6a22383ee1c4ed934f2390d9c1ea97b36cbc957941021071b6eb53ce14b0f34964662f7e69b9cc77a54a3350e450e
EXPORTER_SECRET a8b4c674c94076215e4d5cd9dd44ea2004d28ed784de03ef3a40ed0c1a505ae6 d6aaf6146c8768d42cd00850bdd590122eaa6d86a0dd4a065867777b8bfaa4661181a3c110bd924b6f4a32820ab518d8
SERVER_TRAFFIC_SECRET_0 a8b4c674c94076215e4d5cd9dd44ea2004d28ed784de03ef3a40ed0c1a505ae6 c258edb27102f4a110aa3d52b785a5e4242a082b0bd48b43552bf03e92bf0fc2aa5f2714ea1adf9c1b2cafa2a6b5b941
CLIENT_HANDSHAKE_TRAFFIC_SECRET a8b4c674c94076215e4d5cd9dd44ea2004d28ed784de03ef3a40ed0c1a505ae6 1d96fb9169b19dc6fc602c7614e9b568ff1570f0e390c78b7fd2933a5a3a7182ce345b8fa26e387f5055542479d686a5
CLIENT_TRAFFIC_SECRET_0 a8b4c674c94076215e4d5cd9dd44ea2004d28ed784de03ef3a40ed0c1a505ae6 98bee7cb403bb7ddb6ba6c51012997498e954f24cbc73ee5de186cfc60b3981ed947ba9777e5afc4bc9677d7fb0dae64
